  % Total    % Received % Xferd  Average Speed   Time    Time     Time  Current
                                 Dload  Upload   Total   Spent    Left  Speed
  0     0    0     0    0     0      0      0 --:--:-- --:--:-- --:--:--     0*   Trying 127.0.0.1:8083...
* Connected to 127.0.0.1 (127.0.0.1) port 8083
* using HTTP/1.x
> GET /x HTTP/1.1
> Host: 127.0.0.1:8083
> User-Agent: curl/8.14.1
> Accept: */*
> 
* Request completely sent off
* HTTP 1.0, assume close after body
< HTTP/1.0 200 OK
< Server: SimpleHTTP/0.6 Python/3.13.5
< Date: Sat, 21 Feb 2026 05:36:35 GMT
< Content-type: application/octet-stream
< Content-Length: 3
< Last-Modified: Sat, 21 Feb 2026 05:36:32 GMT
< 
{ [3 bytes data]
100     3  100     3    0     0     94      0 --:--:-- --:--:-- --:--:--    96
* shutting down connection #0
